2025-10-24 20:05:31,990 - werkzeug - INFO - [31m[1mWARNING: This is a development server. Do not use it in a production deployment. Use a production WSGI server instead.[0m
 * Running on all addresses (0.0.0.0)
 * Running on http://127.0.0.1:5000
 * Running on http://192.168.1.17:5000
2025-10-24 20:05:31,990 - werkzeug - INFO - [33mPress CTRL+C to quit[0m
2025-10-24 20:05:31,991 - werkzeug - INFO -  * Restarting with stat
2025-10-24 20:05:33,785 - werkzeug - WARNING -  * Debugger is active!
2025-10-24 20:05:33,796 - werkzeug - INFO -  * Debugger PIN: 910-957-873
2025-10-24 20:20:56,172 - werkzeug - INFO - 127.0.0.1 - - [24/Oct/2025 20:20:56] "GET /health HTTP/1.1" 200 -
2025-10-24 20:24:09,179 - database - INFO - Database pool created: 2-10 connections
2025-10-24 20:24:09,179 - __main__ - INFO - ======================================================================
2025-10-24 20:24:09,179 - __main__ - INFO - Daily data collection: 2025-10-24 12:24:09 UTC
2025-10-24 20:24:09,179 - __main__ - INFO - ======================================================================
2025-10-24 20:24:09,179 - __main__ - INFO - Fetching 24h data: 2025-10-23 20:24 to 2025-10-24 20:24
2025-10-24 20:24:11,048 - __main__ - INFO - Retrieved 96 observations
2025-10-24 20:24:11,049 - __main__ - INFO - Processing 96 records
2025-10-24 20:24:11,100 - database - INFO - ✅ Inserted 24 observations (attempted 96)
2025-10-24 20:24:11,101 - __main__ - INFO - ✅ Inserted 24 new observations (attempted 96)
2025-10-24 20:24:11,107 - __main__ - INFO - ----------------------------------------------------------------------
2025-10-24 20:24:11,107 - __main__ - INFO - Database Statistics:
2025-10-24 20:24:11,107 - __main__ - INFO -   Total observations: 372
2025-10-24 20:24:11,107 - __main__ - INFO -   Latest record: 2025-10-24 20:15:00 UTC
2025-10-24 20:24:11,108 - __main__ - INFO -   Data freshness: 0.2 hours ago
2025-10-24 20:24:11,108 - __main__ - INFO -   Estimated days of data: 3.9 days
2025-10-24 20:24:11,108 - __main__ - INFO - ----------------------------------------------------------------------
2025-10-24 20:24:11,108 - database - INFO - Database pool closed
2025-10-24 20:24:20,583 - database - INFO - Database pool created: 2-10 connections
2025-10-24 20:24:20,584 - __main__ - INFO - Exporting all data to training.csv
2025-10-24 20:24:20,643 - database - INFO - ✅ Exported 372 rows to training.csv
2025-10-24 20:24:20,643 - __main__ - INFO - ✅ Export complete
2025-10-24 20:24:20,644 - database - INFO - Database pool closed
